<?xml version="1.0" encoding="UTF-8"?>
<!-- Generated by org.testng.reporters.JUnitXMLReporter -->
<testsuite ignored="1" hostname="ASCINLAP61453" failures="0" tests="2" name="Default test" time="130.518" errors="0" timestamp="2025-10-27T11:13:40 IST">
  <testcase classname="com.flipkart.tests.loginflipkart" name="searchSamsungS25EdgeAndAdd" time="27.794"/>
  <testcase classname="com.flipkart.tests.loginflipkart" name="searchSamsungTabAndAdd" time="7.895"/>
  <testcase classname="com.flipkart.tests.loginflipkart" name="logout" time="0.0">
    <ignored/>
  </testcase> <!-- logout -->
</testsuite> <!-- Default test -->
